<?xml version="1.0" encoding="UTF-8"?>
<!-- Generated by org.testng.reporters.JUnitReportReporter -->
<testsuite skipped="0" hostname="MTLP-1600" name="com.driver.factory.Apptest" tests="1" failures="0" timestamp="06 Apr 2021 22:12:38 GMT" time="28.933" errors="0">
  <testcase name="kickStart2" time="28.933" classname="com.driver.factory.Apptest"/>
</testsuite> <!-- com.driver.factory.Apptest -->
